[+] ---- Run requested ----
[+] Checking for existing listener on port 8050.
[+] Starting app.py with pythonw.exe in background.
[+] Started server process. PID=1064.
[+] Server is listening on port 8050. Startup successful.
[] ---- Run requested ----
[] Checking for existing listener on port 8050.
[] Port 8050 in use by PID 25748. Stopping existing process.
[] Failed to stop PID 25748 (may have already exited).
[] Starting app.py with pythonw.exe in background.
[] Started server process. PID=25748.
[] Server is listening on port 8050. Startup successful.
[] ---- Run requested ----
[] Checking for existing listener on port 8050.
[] Starting app.py with pythonw.exe in background.
[] ERROR: Server did not bind to port 8050 within timeout.
[+] ---- Run requested ----
[+] Checking for existing listener on port 8050.
[+] Starting app.py with pythonw.exe in background.
[+] ERROR: Server did not bind to port 8050 within timeout.
