[0301/223208.425:INFO:CONSOLE:1] "[LocaleProvider] 初始化, initialLocale: undefined", source: https://filecdn.minimax.chat/open_platform_web/prod-zh-minimax-0.1.3/_next/static/chunks/687-8c6b192ca3feb84a.js (1)
[0301/223208.425:INFO:CONSOLE:1] "[LocaleProvider] 检测到的 locale: zh", source: https://filecdn.minimax.chat/open_platform_web/prod-zh-minimax-0.1.3/_next/static/chunks/687-8c6b192ca3feb84a.js (1)
[0301/223208.481:INFO:CONSOLE:1] "[Testimonials] 无数据，不渲染", source: https://filecdn.minimax.chat/open_platform_web/prod-zh-minimax-0.1.3/_next/static/chunks/481-2128c8db9f21d177.js (1)
[0301/223208.532:INFO:CONSOLE:1] "[Apollo API] 📡 请求 URL: https://www.minimaxi.com/setting/get_app_settings", source: https://filecdn.minimax.chat/open_platform_web/prod-zh-minimax-0.1.3/_next/static/chunks/481-2128c8db9f21d177.js (1)
[0301/223208.532:INFO:CONSOLE:1] "[Apollo API] 📡 请求参数: [object Object]", source: https://filecdn.minimax.chat/open_platform_web/prod-zh-minimax-0.1.3/_next/static/chunks/481-2128c8db9f21d177.js (1)
[0301/223208.537:INFO:CONSOLE:1] "[Locale] 🔗 语言检测: zh (pathname: / )", source: https://filecdn.minimax.chat/open_platform_web/prod-zh-minimax-0.1.3/_next/static/chunks/687-8c6b192ca3feb84a.js (1)
[0301/223208.537:INFO:CONSOLE:1] "[LocaleProvider] 开始获取导航数据", source: https://filecdn.minimax.chat/open_platform_web/prod-zh-minimax-0.1.3/_next/static/chunks/687-8c6b192ca3feb84a.js (1)
[0301/223208.537:INFO:CONSOLE:1] "[TopNavigation] 📦 使用本地配置数据", source: https://filecdn.minimax.chat/open_platform_web/prod-zh-minimax-0.1.3/_next/static/chunks/687-8c6b192ca3feb84a.js (1)
[0301/223208.538:INFO:CONSOLE:1] "[TopNavigation] 🌐 中文导航: [object Object],[object Object],[object Object],[object Object],[object Object]", source: https://filecdn.minimax.chat/open_platform_web/prod-zh-minimax-0.1.3/_next/static/chunks/687-8c6b192ca3feb84a.js (1)
[0301/223208.538:INFO:CONSOLE:1] "[TopNavigation] 🌐 英文导航: [object Object],[object Object],[object Object],[object Object],[object Object]", source: https://filecdn.minimax.chat/open_platform_web/prod-zh-minimax-0.1.3/_next/static/chunks/687-8c6b192ca3feb84a.js (1)
[0301/223208.540:INFO:CONSOLE:1] "[LocaleProvider] 初始化, initialLocale: undefined", source: https://filecdn.minimax.chat/open_platform_web/prod-zh-minimax-0.1.3/_next/static/chunks/687-8c6b192ca3feb84a.js (1)
[0301/223208.571:INFO:CONSOLE:1] "[LocaleProvider] 导航数据获取完成", source: https://filecdn.minimax.chat/open_platform_web/prod-zh-minimax-0.1.3/_next/static/chunks/687-8c6b192ca3feb84a.js (1)
[0301/223208.625:INFO:CONSOLE:1] "[LocaleProvider] 初始化, initialLocale: undefined", source: https://filecdn.minimax.chat/open_platform_web/prod-zh-minimax-0.1.3/_next/static/chunks/687-8c6b192ca3feb84a.js (1)
[0301/223208.981:INFO:CONSOLE:1] "[Track] Sensors SDK 导入成功", source: https://filecdn.minimax.chat/open_platform_web/prod-zh-minimax-0.1.3/_next/static/chunks/687-8c6b192ca3feb84a.js (1)
[0301/223208.981:INFO:CONSOLE:1] "[Track] Sensors SDK 导入成功", source: https://filecdn.minimax.chat/open_platform_web/prod-zh-minimax-0.1.3/_next/static/chunks/687-8c6b192ca3feb84a.js (1)
[0301/223208.993:INFO:CONSOLE:1] "[Track] Sensors SDK 初始化成功, env: prod", source: https://filecdn.minimax.chat/open_platform_web/prod-zh-minimax-0.1.3/_next/static/chunks/687-8c6b192ca3feb84a.js (1)
[0301/223209.430:INFO:CONSOLE:1] "[Apollo API] 📥 响应数据: [object Object]", source: https://filecdn.minimax.chat/open_platform_web/prod-zh-minimax-0.1.3/_next/static/chunks/481-2128c8db9f21d177.js (1)
[0301/223209.430:INFO:CONSOLE:1] "[Footer] Apollo 数据: [object Object]", source: https://filecdn.minimax.chat/open_platform_web/prod-zh-minimax-0.1.3/_next/static/chunks/481-2128c8db9f21d177.js (1)
[0301/223209.924:INFO:CONSOLE:1] "Failed to fetch RSC payload for https://www.minimaxi.com/audio. Falling back to browser navigation. ChunkLoadError: Loading chunk 1704 failed.
(error: https://filecdn.minimax.chat/open_platform_web/prod-zh-minimax-0.1.3/_next/static/chunks/1704-5ec54fd3da78bb7c.js)", source: https://filecdn.minimax.chat/open_platform_web/prod-zh-minimax-0.1.3/_next/static/chunks/945-f8b3d55c7ef9fade.js (1)
